<?xml version="1.0" encoding="UTF-8"?>
<!-- Generated by org.testng.reporters.JUnitReportReporter -->
<testsuite hostname="LIN-42D71F3" failures="0" tests="1" name="testCases.TC_002_LoginTest" time="1.125" errors="0" timestamp="2024-09-12T15:21:24 IST" skipped="0">
  <testcase classname="testCases.TC_002_LoginTest" name="verify_login" time="1.125"/>
  <system-out/>
</testsuite> <!-- testCases.TC_002_LoginTest -->
