<?xml version="1.0" encoding="UTF-8"?>
<!-- Generated by org.testng.reporters.JUnitReportReporter -->
<testsuite hostname="LIN-42D71F3" failures="0" tests="1" name="testCases.TC_001_AccountRegistrationTest" time="2.040" errors="0" timestamp="2024-09-10T19:33:22 IST" skipped="0">
  <testcase classname="testCases.TC_001_AccountRegistrationTest" name="verify_account_registration" time="2.040"/>
  <system-out/>
</testsuite> <!-- testCases.TC_001_AccountRegistrationTest -->
